# JRE version: OpenJDK Runtime Environment (8.0_242) (build 1.8.0_242-release-1644-b3-6222593)
# Java VM: OpenJDK 64-Bit Server VM (25.242-b3-6222593 mixed mode linux-amd64 compressed oops)
Heap:
 PSYoungGen      total 648704K, used 464466K [0x00000000d5580000, 0x00000000ffe80000, 0x0000000100000000)
  eden space 601088K, 74% used [0x00000000d5580000,0x00000000f0ad7dd8,0x00000000fa080000)
  from space 47616K, 34% used [0x00000000fa080000,0x00000000fb0bcb28,0x00000000fcf00000)
  to   space 45568K, 0% used [0x00000000fd200000,0x00000000fd200000,0x00000000ffe80000)
 ParOldGen       total 162304K, used 119161K [0x0000000080000000, 0x0000000089e80000, 0x00000000d5580000)
  object space 162304K, 73% used [0x0000000080000000,0x000000008745e4c8,0x0000000089e80000)
 Metaspace       used 114221K, capacity 120958K, committed 121112K, reserved 1155072K
  class space    used 14774K, capacity 16085K, committed 16176K, reserved 1048576K
GC Heap History (10 events):
Event: 127.390 GC heap before
{Heap before GC invocations=15 (full 4):
 PSYoungGen      total 665600K, used 33262K [0x00000000d5580000, 0x0000000100000000, 0x0000000100000000)
  eden space 632320K, 0% used [0x00000000d5580000,0x00000000d5580000,0x00000000fbf00000)
  from space 33280K, 99% used [0x00000000fbf00000,0x00000000fdf7b9b0,0x00000000fdf80000)
  to   space 33280K, 0% used [0x00000000fdf80000,0x00000000fdf80000,0x0000000100000000)
 ParOldGen       total 89088K, used 78655K [0x0000000080000000, 0x0000000085700000, 0x00000000d5580000)
  object space 89088K, 88% used [0x0000000080000000,0x0000000084ccfd50,0x0000000085700000)
 Metaspace       used 83116K, capacity 87266K, committed 87448K, reserved 1124352K
  class space    used 10971K, capacity 11845K, committed 11952K, reserved 1048576K
Event: 127.839 GC heap after
Heap after GC invocations=15 (full 4):
 PSYoungGen      total 665600K, used 0K [0x00000000d5580000, 0x0000000100000000, 0x0000000100000000)
  eden space 632320K, 0% used [0x00000000d5580000,0x00000000d5580000,0x00000000fbf00000)
  from space 33280K, 0% used [0x00000000fbf00000,0x00000000fbf00000,0x00000000fdf80000)
  to   space 33280K, 0% used [0x00000000fdf80000,0x00000000fdf80000,0x0000000100000000)
 ParOldGen       total 162304K, used 87117K [0x0000000080000000, 0x0000000089e80000, 0x00000000d5580000)
  object space 162304K, 53% used [0x0000000080000000,0x0000000085513430,0x0000000089e80000)
 Metaspace       used 82769K, capacity 86270K, committed 87448K, reserved 1124352K
  class space    used 10857K, capacity 11641K, committed 11952K, reserved 1048576K
}
Event: 2213.283 GC heap before
{Heap before GC invocations=16 (full 4):
 PSYoungGen      total 665600K, used 632320K [0x00000000d5580000, 0x0000000100000000, 0x0000000100000000)
  eden space 632320K, 100% used [0x00000000d5580000,0x00000000fbf00000,0x00000000fbf00000)
  from space 33280K, 0% used [0x00000000fbf00000,0x00000000fbf00000,0x00000000fdf80000)
  to   space 33280K, 0% used [0x00000000fdf80000,0x00000000fdf80000,0x0000000100000000)
 ParOldGen       total 162304K, used 87117K [0x0000000080000000, 0x0000000089e80000, 0x00000000d5580000)
  object space 162304K, 53% used [0x0000000080000000,0x0000000085513430,0x0000000089e80000)
 Metaspace       used 91334K, capacity 95838K, committed 96024K, reserved 1132544K
  class space    used 11890K, capacity 12786K, committed 12848K, reserved 1048576K
Event: 2213.344 GC heap after
Heap after GC invocations=16 (full 4):
 PSYoungGen      total 631808K, used 25401K [0x00000000d5580000, 0x0000000100000000, 0x0000000100000000)
  eden space 598528K, 0% used [0x00000000d5580000,0x00000000d5580000,0x00000000f9e00000)
  from space 33280K, 76% used [0x00000000fdf80000,0x00000000ff84e668,0x0000000100000000)
  to   space 50176K, 0% used [0x00000000f9e00000,0x00000000f9e00000,0x00000000fcf00000)
 ParOldGen       total 162304K, used 87133K [0x0000000080000000, 0x0000000089e80000, 0x00000000d5580000)
  object space 162304K, 53% used [0x0000000080000000,0x0000000085517430,0x0000000089e80000)
 Metaspace       used 91334K, capacity 95838K, committed 96024K, reserved 1132544K
  class space    used 11890K, capacity 12786K, committed 12848K, reserved 1048576K
}
Event: 2397.143 GC heap before
{Heap before GC invocations=17 (full 4):
 PSYoungGen      total 631808K, used 623929K [0x00000000d5580000, 0x0000000100000000, 0x0000000100000000)
  eden space 598528K, 100% used [0x00000000d5580000,0x00000000f9e00000,0x00000000f9e00000)
  from space 33280K, 76% used [0x00000000fdf80000,0x00000000ff84e668,0x0000000100000000)
  to   space 50176K, 0% used [0x00000000f9e00000,0x00000000f9e00000,0x00000000fcf00000)
 ParOldGen       total 162304K, used 87133K [0x0000000080000000, 0x0000000089e80000, 0x00000000d5580000)
  object space 162304K, 53% used [0x0000000080000000,0x0000000085517430,0x0000000089e80000)
 Metaspace       used 94437K, capacity 99090K, committed 99224K, reserved 1134592K
  class space    used 12191K, capacity 13147K, committed 13232K, reserved 1048576K
Event: 2397.380 GC heap after
Heap after GC invocations=17 (full 4):
 PSYoungGen      total 648704K, used 15003K [0x00000000d5580000, 0x0000000100000000, 0x0000000100000000)
  eden space 598528K, 0% used [0x00000000d5580000,0x00000000d5580000,0x00000000f9e00000)
  from space 50176K, 29% used [0x00000000f9e00000,0x00000000faca6fb8,0x00000000fcf00000)
  to   space 47616K, 0% used [0x00000000fd180000,0x00000000fd180000,0x0000000100000000)
 ParOldGen       total 162304K, used 100063K [0x0000000080000000, 0x0000000089e80000, 0x00000000d5580000)
  object space 162304K, 61% used [0x0000000080000000,0x00000000861b7da0,0x0000000089e80000)
 Metaspace       used 94437K, capacity 99090K, committed 99224K, reserved 1134592K
  class space    used 12191K, capacity 13147K, committed 13232K, reserved 1048576K
}
Event: 2464.314 GC heap before
{Heap before GC invocations=18 (full 4):
 PSYoungGen      total 648704K, used 613531K [0x00000000d5580000, 0x0000000100000000, 0x0000000100000000)
  eden space 598528K, 100% used [0x00000000d5580000,0x00000000f9e00000,0x00000000f9e00000)
  from space 50176K, 29% used [0x00000000f9e00000,0x00000000faca6fb8,0x00000000fcf00000)
  to   space 47616K, 0% used [0x00000000fd180000,0x00000000fd180000,0x0000000100000000)
 ParOldGen       total 162304K, used 100063K [0x0000000080000000, 0x0000000089e80000, 0x00000000d5580000)
  object space 162304K, 61% used [0x0000000080000000,0x00000000861b7da0,0x0000000089e80000)
 Metaspace       used 110351K, capacity 116398K, committed 116632K, reserved 1150976K
  class space    used 14333K, capacity 15507K, committed 15536K, reserved 1048576K
Event: 2464.458 GC heap after
Heap after GC invocations=18 (full 4):
 PSYoungGen      total 646144K, used 26447K [0x00000000d5580000, 0x00000000ffd80000, 0x0000000100000000)
  eden space 601088K, 0% used [0x00000000d5580000,0x00000000d5580000,0x00000000fa080000)
  from space 45056K, 58% used [0x00000000fd180000,0x00000000feb53e70,0x00000000ffd80000)
  to   space 47616K, 0% used [0x00000000fa080000,0x00000000fa080000,0x00000000fcf00000)
 ParOldGen       total 162304K, used 109153K [0x0000000080000000, 0x0000000089e80000, 0x00000000d5580000)
  object space 162304K, 67% used [0x0000000080000000,0x0000000086a98788,0x0000000089e80000)
 Metaspace       used 110351K, capacity 116398K, committed 116632K, reserved 1150976K
  class space    used 14333K, capacity 15507K, committed 15536K, reserved 1048576K
}
Event: 2488.649 GC heap before
{Heap before GC invocations=19 (full 4):
 PSYoungGen      total 646144K, used 627535K [0x00000000d5580000, 0x00000000ffd80000, 0x0000000100000000)
  eden space 601088K, 100% used [0x00000000d5580000,0x00000000fa080000,0x00000000fa080000)
  from space 45056K, 58% used [0x00000000fd180000,0x00000000feb53e70,0x00000000ffd80000)
  to   space 47616K, 0% used [0x00000000fa080000,0x00000000fa080000,0x00000000fcf00000)
 ParOldGen       total 162304K, used 109153K [0x0000000080000000, 0x0000000089e80000, 0x00000000d5580000)
  object space 162304K, 67% used [0x0000000080000000,0x0000000086a98788,0x0000000089e80000)
 Metaspace       used 113032K, capacity 119508K, committed 119576K, reserved 1153024K
  class space    used 14624K, capacity 15920K, committed 15920K, reserved 1048576K
Event: 2488.666 GC heap after
Heap after GC invocations=19 (full 4):
 PSYoungGen      total 648704K, used 16626K [0x00000000d5580000, 0x00000000ffe80000, 0x0000000100000000)
  eden space 601088K, 0% used [0x00000000d5580000,0x00000000d5580000,0x00000000fa080000)
  from space 47616K, 34% used [0x00000000fa080000,0x00000000fb0bcb28,0x00000000fcf00000)
  to   space 45568K, 0% used [0x00000000fd200000,0x00000000fd200000,0x00000000ffe80000)
 ParOldGen       total 162304K, used 119161K [0x0000000080000000, 0x0000000089e80000, 0x00000000d5580000)
  object space 162304K, 73% used [0x0000000080000000,0x000000008745e4c8,0x0000000089e80000)
 Metaspace       used 113032K, capacity 119508K, committed 119576K, reserved 1153024K
  class space    used 14624K, capacity 15920K, committed 15920K, reserved 1048576K
}

